<?xml version="1.0" encoding="UTF-8"?>
<testsuite xmlns:xsi="http://www.w3.org/2001/XMLSchema-instance" xsi:noNamespaceSchemaLocation="https://maven.apache.org/surefire/maven-surefire-plugin/xsd/surefire-test-report-3.0.xsd" version="3.0" name="TestSuite" time="121.852" tests="2" errors="0" skipped="0" failures="1">
  <properties>
[...]
</properties>
  <testcase name="feature" classname="runner.RunCuke" time="88.936">
    <failure message="java.lang.AssertionError: expected [Bmw 1 Series nder 1000 for Sale Far West NSW | carsguide] but found [Bmw 1 Series Under 1000 for Sale Far West NSW | carsguide]" type="cucumber.runtime.CucumberException">cucumber.runtime.CucumberException: java.lang.AssertionError: expected [Bmw 1 Series nder 1000 for Sale Far West NSW | carsguide] but found [Bmw 1 Series Under 1000 for Sale Far West NSW | carsguide]
Caused by: java.lang.AssertionError: expected [Bmw 1 Series nder 1000 for Sale Far West NSW | carsguide] but found [Bmw 1 Series Under 1000 for Sale Far West NSW | carsguide]
</failure>
    <system-out><![CDATA[@Search-Cars
Feature: Title of your feature
  I want to use this template for my feature file
Before
Menu selected: Buy sale
car list found
true

  @Search-Cars-Positive
  Scenario: Validate search cars page                                                       &amp#27;[90m# searchCars.feature:6&amp#27;[0m
    &amp#27;[32mGiven &amp#27;[0m&amp#27;[32mI am on the home page "&amp#27;[0m&amp#27;[32m&amp#27;[1mhttps://www.carsguide.com.au/&amp#27;[0m&amp#27;[32m" of carsGuide Website&amp#27;[0m        &amp#27;[90m# SearchCarsSteps.i_am_on_the_home_page_of_carsGuide_Website(String)&amp#27;[0m
    &amp#27;[32mWhen &amp#27;[0m&amp#27;[32mI move to Menu&amp#27;[0m                                                                     &amp#27;[90m# SearchCarsSteps.i_move_to_Menu(String>)&amp#27;[0m
    &amp#27;[32mThen &amp#27;[0m&amp#27;[32mI click on "&amp#27;[0m&amp#27;[32m&amp#27;[1mSearch cars&amp#27;[0m&amp#27;[32m" link&amp#27;[0m                                                      &amp#27;[90m# SearchCarsSteps.i_click_on_link(String)&amp#27;[0m
    &amp#27;[32mAnd &amp#27;[0m&amp#27;[32mI select carbrand as "&amp#27;[0m&amp#27;[32m&amp#27;[1mBMW&amp#27;[0m&amp#27;[32m" from AnyMake dropdown&amp#27;[0m                                    &amp#27;[90m# SearchCarsSteps.i_select_carbrand_as_from_AnyMake_dropdown(String)&amp#27;[0m
    &amp#27;[32mAnd &amp#27;[0m&amp#27;[32mI select carmodel as "&amp#27;[0m&amp#27;[32m&amp#27;[1m1 Series&amp#27;[0m&amp#27;[32m" from selectModel dropDown&amp#27;[0m                           &amp#27;[90m# SearchCarsSteps.i_select_carmodel_as_from_selectModel_dropDown(String)&amp#27;[0m
    &amp#27;[32mAnd &amp#27;[0m&amp#27;[32mI select location as "&amp#27;[0m&amp#27;[32m&amp#27;[1mNSW - Far West&amp#27;[0m&amp#27;[32m" from select location dropDown&amp#27;[0m                 &amp#27;[90m# SearchCarsSteps.i_select_location_as_from_select_location_dropDown(String)&amp#27;[0m
    &amp#27;[32mAnd &amp#27;[0m&amp#27;[32mI select price as "&amp#27;[0m&amp#27;[32m&amp#27;[1m$1,000&amp#27;[0m&amp#27;[32m" from price  dropDown&amp#27;[0m                                     &amp#27;[90m# SearchCarsSteps.i_select_price_as_from_price_dropDown(String)&amp#27;[0m
    &amp#27;[32mAnd &amp#27;[0m&amp#27;[32mI click on "&amp#27;[0m&amp#27;[32m&amp#27;[1mFind_My_Next_car&amp#27;[0m&amp#27;[32m" button&amp#27;[0m                                                &amp#27;[90m# SearchCarsSteps.i_click_on_button(String)&amp#27;[0m
    &amp#27;[32mThen &amp#27;[0m&amp#27;[32mI should see list of searched cars&amp#27;[0m                                                 &amp#27;[90m# SearchCarsSteps.i_should_see_list_of_searched_cars()&amp#27;[0m
    &amp#27;[31mAnd &amp#27;[0m&amp#27;[31mthe page title should be "&amp#27;[0m&amp#27;[31m&amp#27;[1mBmw 1 Series nder 1000 for Sale Far West NSW | carsguide&amp#27;[0m&amp#27;[31m"&amp#27;[0m &amp#27;[90m# SearchCarsSteps.the_page_title_should_be(String)&amp#27;[0m
      &amp#27;[31mjava.lang.AssertionError: expected [Bmw 1 Series nder 1000 for Sale Far West NSW | carsguide] but found [Bmw 1 Series Under 1000 for Sale Far West NSW | carsguide]
      	at org.testng.Assert.fail(Assert.java:94)
      	at org.testng.Assert.failNotEquals(Assert.java:513)
      	at org.testng.Assert.assertEqualsImpl(Assert.java:135)
      	at org.testng.Assert.assertEquals(Assert.java:116)
      	at org.testng.Assert.assertEquals(Assert.java:190)
      	at org.testng.Assert.assertEquals(Assert.java:200)
      	at steps.SearchCarsSteps.the_page_title_should_be(SearchCarsSteps.java:70)
      	at ?.And the page title should be "Bmw 1 Series nder 1000 for Sale Far West NSW | carsguide"(searchCars.feature:19)
      &amp#27;[0m
]]></system-out>
    <system-err><![CDATA[Starting ChromeDriver 78.0.3904.105 (60e2d8774a8151efa6a00b1f358371b1e0e07ee2-refs/branch-heads/3904@{#877}) on port 17634
Only local connections are allowed.
Please protect ports used by ChromeDriver and related test frameworks to prevent access by malicious code.
Nov 29, 2019 10:07:10 AM org.openqa.selenium.remote.ProtocolHandshake createSession
INFO: Detected dialect: W3C
]]></system-err>
  </testcase>
  <testcase name="feature" classname="runner.RunCuke" time="31.601"/>
</testsuite>